#
# A fatal error has been detected by the Java Runtime Environment:
#
#  SIGBUS (0xa) at pc=0x000000010abe6e92, pid=29614, tid=0x0000000000009d03
#
# JRE version: OpenJDK Runtime Environment (8.0_222-b10) (build 1.8.0_222-b10)
# Java VM: OpenJDK 64-Bit Server VM (25.222-b10 mixed mode bsd-amd64 compressed oops)
# Problematic frame:
# C  [libzip.dylib+0x2e92]  newEntry+0x154
#
# Failed to write core dump. Core dumps have been disabled. To enable core dumping, try "ulimit -c unlimited" before starting Java again
#
# If you would like to submit a bug report, please visit:
#   http://bugreport.java.com/bugreport/crash.jsp
# The crash happened outside the Java Virtual Machine in native code.
# See problematic frame for where to report the bug.
#

---------------  T H R E A D  ---------------

Current thread (0x00007fc848255800):  JavaThread "/0:0:0:0:0:0:0:1:53916 to /0:0:0:0:0:0:0:1:53915 workers" [_thread_in_native, id=40195, stack(0x000070000afd6000,0x000070000b0d6000)]

siginfo: si_signo: 10 (SIGBUS), si_code: 2 (BUS_ADRERR), si_addr: 0x0000000124e3f165

Registers:
RAX=0x00007fc844445f60, RBX=0x0000000124e3f159, RCX=0x0000000000000000, RDX=0x0000000000000005
RSP=0x000070000b0d20c0, RBP=0x000070000b0d2120, RSI=0x000000010aba2080, RDI=0x000000000000054b
R8 =0x00000000844454ae, R9 =0x00000000844454b2, R10=0x00000000fffc3fff, R11=0x00007fc844454b90
R12=0x00007fc7a48ec000, R13=0x00000000000027a0, R14=0x00000000d6d4c29f, R15=0x00007fc846a4a3c0
RIP=0x000000010abe6e92, EFLAGS=0x0000000000010206, ERR=0x0000000000000004
  TRAPNO=0x000000000000000e

Top of Stack: (sp=0x000070000b0d20c0)
0x000070000b0d20c0:   000070000b0d2360 00000000219fd3d8
0x000070000b0d20d0:   000000000000037f 00000001219fd3d8
0x000070000b0d20e0:   000070000b0d2100 00007fc844445f60
0x000070000b0d20f0:   00007fc844454ad0 00007fc844445f60
0x000070000b0d2100:   00007fc7a48ec000 00000000000027a0
0x000070000b0d2110:   00000000d6d4c29f 00007fc846a4a3c0
0x000070000b0d2120:   000070000b0d2180 000000010abe752d
0x000070000b0d2130:   000070000b0d21db 000070000b0d21da
0x000070000b0d2140:   0000003b00000000 0000003c01255800
0x000070000b0d2150:   000070000b0d219e 000070000b0d25e8
0x000070000b0d2160:   000000000000003c 000070000b0d219e
0x000070000b0d2170:   00007fc844445f60 00007fc8482559e0
0x000070000b0d2180:   000070000b0d25d0 000000010abe6238
0x000070000b0d2190:   00000000f32e96a7 726f000000000001
0x000070000b0d21a0:   6568636170612f67 632f616b66616b2f
0x000070000b0d21b0:   65732f6e6f6d6d6f 612f797469727563
0x000070000b0d21c0:   756365532f687475 746f725079746972
0x000070000b0d21d0:   616c632e6c6f636f 00007fc844007373
0x000070000b0d21e0:   00007fc84440f428 00000000000003d8
0x000070000b0d21f0:   000000010d3ec8c0 00007fc83802e860
0x000070000b0d2200:   00000000f32e0265 0000000000000000
0x000070000b0d2210:   0000000000000000 0000000000000000
0x000070000b0d2220:   00000001219fd3d8 00007fc848255800
0x000070000b0d2230:   00000001219fd3d8 00007fc848255800
0x000070000b0d2240:   00000001219fd3d8 00007fc848255800
0x000070000b0d2250:   00000001219fd3d8 00000001219fd3d8
0x000070000b0d2260:   00000001219fd3d8 00007fc8446052b0
0x000070000b0d2270:   00007fc848255800 000070000b0d2360
0x000070000b0d2280:   00007fc84442f648 00007fc84442f640
0x000070000b0d2290:   000070000b0d2420 000000010ceedf7d
0x000070000b0d22a0:   00007fc848255800 0000000000000000
0x000070000b0d22b0:   000070000b0d26a8 00000001134c3848 

Instructions: (pc=0x000000010abe6e92)
0x000000010abe6e72:   49 8b 7f 38 e8 5b 1b 00 00 4d 89 77 38 49 89 5f
0x000000010abe6e82:   40 4c 89 f0 48 85 c0 0f 84 11 05 00 00 48 89 c3
0x000000010abe6e92:   0f b6 43 0c 0f b6 4b 0d 48 c1 e1 08 48 01 c1 0f
0x000000010abe6ea2:   b6 43 0e 0f b6 53 0f 48 c1 e2 08 48 01 c2 48 c1 

Register to memory mapping:

RAX=0x00007fc844445f60 is an unknown value
RBX=0x0000000124e3f159 is an unknown value
RCX=0x0000000000000000 is an unknown value
RDX=0x0000000000000005 is an unknown value
RSP=0x000070000b0d20c0 is pointing into the stack for thread: 0x00007fc848255800
RBP=0x000070000b0d2120 is pointing into the stack for thread: 0x00007fc848255800
RSI=0x000000010aba2080 is an unknown value
RDI=0x000000000000054b is an unknown value
R8 =0x00000000844454ae is an unknown value
R9 =0x00000000844454b2 is an unknown value
R10=0x00000000fffc3fff is an unknown value
R11=0x00007fc844454b90 is an unknown value
R12=0x00007fc7a48ec000 is an unknown value
R13=0x00000000000027a0 is an unknown value
R14=0x00000000d6d4c29f is an unknown value
R15=0x00007fc846a4a3c0 is an unknown value


Stack: [0x000070000afd6000,0x000070000b0d6000],  sp=0x000070000b0d20c0,  free space=1008k
Native frames: (J=compiled Java code, j=interpreted, Vv=VM code, C=native code)
C  [libzip.dylib+0x2e92]  newEntry+0x154
C  [libzip.dylib+0x352d]  ZIP_GetEntry2+0xd4
C  [libzip.dylib+0x2238]  Java_java_util_zip_ZipFile_getEntry+0xcf
J 161  java.util.zip.ZipFile.getEntry(J[BZ)J (0 bytes) @ 0x0000000112d0654e [0x0000000112d06480+0xce]
J 362 C2 java.util.zip.ZipFile.getEntry(Ljava/lang/String;)Ljava/util/zip/ZipEntry; (101 bytes) @ 0x0000000112d99238 [0x0000000112d98ee0+0x358]
J 1999 C1 edu.umd.cs.findbugs.classfile.impl.ZipFileCodeBase.lookupResource(Ljava/lang/String;)Ledu/umd/cs/findbugs/classfile/ICodeBaseEntry; (34 bytes) @ 0x0000000113357c04 [0x0000000113357840+0x3c4]
J 2336 C1 edu.umd.cs.findbugs.classfile.impl.ClassPathImpl.search(Ljava/util/List;Ljava/lang/String;)Ledu/umd/cs/findbugs/classfile/ICodeBaseEntry; (50 bytes) @ 0x000000011349530c [0x0000000113494fa0+0x36c]
J 2867 C1 edu.umd.cs.findbugs.classfile.impl.ClassPathImpl.lookupResource(Ljava/lang/String;)Ledu/umd/cs/findbugs/classfile/ICodeBaseEntry; (69 bytes) @ 0x00000001136d05dc [0x00000001136d02e0+0x2fc]
J 2869 C1 edu.umd.cs.findbugs.classfile.engine.ClassDataAnalysisEngine.analyze(Ledu/umd/cs/findbugs/classfile/IAnalysisCache;Ledu/umd/cs/findbugs/classfile/ClassDescriptor;)Ledu/umd/cs/findbugs/classfile/analysis/ClassData; (149 bytes) @ 0x00000001136d21ac [0x00000001136d1ac0+0x6ec]
J 2868 C1 edu.umd.cs.findbugs.classfile.engine.ClassDataAnalysisEngine.analyze(Ledu/umd/cs/findbugs/classfile/IAnalysisCache;Ljava/lang/Object;)Ljava/lang/Object; (10 bytes) @ 0x00000001136cff2c [0x00000001136cfdc0+0x16c]
J 2838 C2 edu.umd.cs.findbugs.classfile.impl.AnalysisCache.getClassAnalysis(Ljava/lang/Class;Ledu/umd/cs/findbugs/classfile/ClassDescriptor;)Ljava/lang/Object; (239 bytes) @ 0x000000011380d81c [0x000000011380c780+0x109c]
J 2879 C1 edu.umd.cs.findbugs.classfile.engine.ClassInfoAnalysisEngine.analyze(Ledu/umd/cs/findbugs/classfile/IAnalysisCache;Ledu/umd/cs/findbugs/classfile/ClassDescriptor;)Ledu/umd/cs/findbugs/classfile/analysis/ClassInfo; (162 bytes) @ 0x00000001136d914c [0x00000001136d8f40+0x20c]
J 2878 C1 edu.umd.cs.findbugs.classfile.engine.ClassInfoAnalysisEngine.analyze(Ledu/umd/cs/findbugs/classfile/IAnalysisCache;Ljava/lang/Object;)Ljava/lang/Object; (10 bytes) @ 0x00000001136d7a2c [0x00000001136d78c0+0x16c]
J 2838 C2 edu.umd.cs.findbugs.classfile.impl.AnalysisCache.getClassAnalysis(Ljava/lang/Class;Ledu/umd/cs/findbugs/classfile/ClassDescriptor;)Ljava/lang/Object; (239 bytes) @ 0x000000011380d81c [0x000000011380c780+0x109c]
J 2773 C1 edu.umd.cs.findbugs.ba.XFactory.resolveXMethod(Ledu/umd/cs/findbugs/classfile/MethodDescriptor;)Ledu/umd/cs/findbugs/ba/XMethod; (317 bytes) @ 0x0000000113678e34 [0x0000000113678840+0x5f4]
J 2449 C1 edu.umd.cs.findbugs.ba.XFactory.createXMethod(Ledu/umd/cs/findbugs/classfile/MethodDescriptor;)Ledu/umd/cs/findbugs/ba/XMethod; (79 bytes) @ 0x00000001134f3b14 [0x00000001134f36e0+0x434]
J 2601 C1 edu.umd.cs.findbugs.ba.XFactory.createReferencedXMethod(Ledu/umd/cs/findbugs/visitclass/DismantleBytecode;)Ledu/umd/cs/findbugs/ba/XMethod; (38 bytes) @ 0x00000001135c3ddc [0x00000001135c3680+0x75c]
J 2626 C1 edu.umd.cs.findbugs.OpcodeStack.processMethodCall(Ledu/umd/cs/findbugs/visitclass/DismantleBytecode;I)V (2432 bytes) @ 0x00000001135fb86c [0x00000001135edec0+0xd9ac]
J 2413 C1 edu.umd.cs.findbugs.OpcodeStack.sawOpcode(Ledu/umd/cs/findbugs/visitclass/DismantleBytecode;I)V (4690 bytes) @ 0x0000000113556e04 [0x000000011354c9c0+0xa444]
J 2746 C2 edu.umd.cs.findbugs.bcel.OpcodeStackDetector.afterOpcode(I)V (10 bytes) @ 0x0000000113654b68 [0x0000000113654b20+0x48]
J 3048 C1 edu.umd.cs.findbugs.visitclass.DismantleBytecode.visit(Lorg/apache/bcel/classfile/Code;)V (2863 bytes) @ 0x00000001137f39ec [0x00000001137ed040+0x69ac]
J 2816 C1 edu.umd.cs.findbugs.detect.FieldItemSummary.visit(Lorg/apache/bcel/classfile/Code;)V (247 bytes) @ 0x00000001136a0a94 [0x00000001136a0a00+0x94]
J 2547 C1 edu.umd.cs.findbugs.visitclass.PreorderVisitor.visitCode(Lorg/apache/bcel/classfile/Code;)V (102 bytes) @ 0x0000000113518284 [0x0000000113518100+0x184]
J 2592 C1 edu.umd.cs.findbugs.bcel.OpcodeStackDetector.visitCode(Lorg/apache/bcel/classfile/Code;)V (40 bytes) @ 0x000000011354751c [0x00000001135472c0+0x25c]
J 2546 C1 org.apache.bcel.classfile.Code.accept(Lorg/apache/bcel/classfile/Visitor;)V (8 bytes) @ 0x0000000113519a0c [0x0000000113519900+0x10c]
J 2934 C2 edu.umd.cs.findbugs.visitclass.PreorderVisitor.doVisitMethod(Lorg/apache/bcel/classfile/Method;)V (202 bytes) @ 0x00000001137703d0 [0x000000011376fd40+0x690]
J 2766 C1 edu.umd.cs.findbugs.visitclass.PreorderVisitor.visitJavaClass(Lorg/apache/bcel/classfile/JavaClass;)V (254 bytes) @ 0x000000011366f8a4 [0x000000011366e460+0x1444]
J 3046 C1 org.apache.bcel.classfile.JavaClass.accept(Lorg/apache/bcel/classfile/Visitor;)V (8 bytes) @ 0x00000001137d9ecc [0x00000001137d9dc0+0x10c]
j  edu.umd.cs.findbugs.BytecodeScanningDetector.visitClassContext(Ledu/umd/cs/findbugs/ba/ClassContext;)V+10
J 3045 C1 edu.umd.cs.findbugs.DetectorToDetector2Adapter.visitClass(Ledu/umd/cs/findbugs/classfile/ClassDescriptor;)V (80 bytes) @ 0x00000001137dd1c4 [0x00000001137dcb20+0x6a4]
j  edu.umd.cs.findbugs.FindBugs2.analyzeApplication()V+1045
j  edu.umd.cs.findbugs.FindBugs2.execute()V+403
j  com.github.spotbugs.internal.spotbugs.SpotBugsExecutor.runSpotbugs(Lcom/github/spotbugs/internal/spotbugs/SpotBugsSpec;)Lcom/github/spotbugs/internal/spotbugs/SpotBugsResult;+67
v  ~StubRoutines::call_stub
V  [libjvm.dylib+0x2e3233]  JavaCalls::call_helper(JavaValue*, methodHandle*, JavaCallArguments*, Thread*)+0x6a7
V  [libjvm.dylib+0x4ab524]  Reflection::invoke(instanceKlassHandle, methodHandle, Handle, bool, objArrayHandle, BasicType, objArrayHandle, bool, Thread*)+0xe12
V  [libjvm.dylib+0x4aba58]  Reflection::invoke_method(oopDesc*, Handle, objArrayHandle, Thread*)+0x16c
V  [libjvm.dylib+0x31f742]  JVM_InvokeMethod+0x1a0
j  sun.reflect.NativeMethodAccessorImpl.invoke0(Ljava/lang/reflect/Method;Ljava/lang/Object;[Ljava/lang/Object;)Ljava/lang/Object;+0
j  sun.reflect.NativeMethodAccessorImpl.invoke(Ljava/lang/Object;[Ljava/lang/Object;)Ljava/lang/Object;+100
j  sun.reflect.DelegatingMethodAccessorImpl.invoke(Ljava/lang/Object;[Ljava/lang/Object;)Ljava/lang/Object;+6
j  java.lang.reflect.Method.invoke(Ljava/lang/Object;[Ljava/lang/Object;)Ljava/lang/Object;+56
j  org.gradle.process.internal.worker.request.WorkerAction.run(Lorg/gradle/process/internal/worker/request/Request;)V+56
j  org.gradle.process.internal.worker.request.WorkerAction.runThenStop(Lorg/gradle/process/internal/worker/request/Request;)V+2
v  ~StubRoutines::call_stub
V  [libjvm.dylib+0x2e3233]  JavaCalls::call_helper(JavaValue*, methodHandle*, JavaCallArguments*, Thread*)+0x6a7
V  [libjvm.dylib+0x4ab524]  Reflection::invoke(instanceKlassHandle, methodHandle, Handle, bool, objArrayHandle, BasicType, objArrayHandle, bool, Thread*)+0xe12
V  [libjvm.dylib+0x4aba58]  Reflection::invoke_method(oopDesc*, Handle, objArrayHandle, Thread*)+0x16c
V  [libjvm.dylib+0x31f742]  JVM_InvokeMethod+0x1a0
j  sun.reflect.NativeMethodAccessorImpl.invoke0(Ljava/lang/reflect/Method;Ljava/lang/Object;[Ljava/lang/Object;)Ljava/lang/Object;+0
j  sun.reflect.NativeMethodAccessorImpl.invoke(Ljava/lang/Object;[Ljava/lang/Object;)Ljava/lang/Object;+100
j  sun.reflect.DelegatingMethodAccessorImpl.invoke(Ljava/lang/Object;[Ljava/lang/Object;)Ljava/lang/Object;+6
j  java.lang.reflect.Method.invoke(Ljava/lang/Object;[Ljava/lang/Object;)Ljava/lang/Object;+56
j  org.gradle.internal.dispatch.ReflectionDispatch.dispatch(Lorg/gradle/internal/dispatch/MethodInvocation;)V+19
j  org.gradle.internal.dispatch.ReflectionDispatch.dispatch(Ljava/lang/Object;)V+5
j  org.gradle.internal.remote.internal.hub.MessageHubBackedObjectConnection$DispatchWrapper.dispatch(Lorg/gradle/internal/dispatch/MethodInvocation;)V+5
j  org.gradle.internal.remote.internal.hub.MessageHubBackedObjectConnection$DispatchWrapper.dispatch(Ljava/lang/Object;)V+5
j  org.gradle.internal.remote.internal.hub.MessageHub$Handler.run()V+174
j  org.gradle.internal.concurrent.ExecutorPolicy$CatchAndRecordFailures.onExecute(Ljava/lang/Runnable;)V+1
j  org.gradle.internal.concurrent.ManagedExecutorImpl$1.run()V+25
j  java.util.concurrent.ThreadPoolExecutor.runWorker(Ljava/util/concurrent/ThreadPoolExecutor$Worker;)V+95
j  java.util.concurrent.ThreadPoolExecutor$Worker.run()V+5
j  org.gradle.internal.concurrent.ThreadFactoryImpl$ManagedThreadRunnable.run()V+7
j  java.lang.Thread.run()V+11
v  ~StubRoutines::call_stub
V  [libjvm.dylib+0x2e3233]  JavaCalls::call_helper(JavaValue*, methodHandle*, JavaCallArguments*, Thread*)+0x6a7
V  [libjvm.dylib+0x2e39da]  JavaCalls::call_virtual(JavaValue*, KlassHandle, Symbol*, Symbol*, JavaCallArguments*, Thread*)+0x164
V  [libjvm.dylib+0x2e3b86]  JavaCalls::call_virtual(JavaValue*, Handle, KlassHandle, Symbol*, Symbol*, Thread*)+0x4a
V  [libjvm.dylib+0x322538]  thread_entry(JavaThread*, Thread*)+0x7c
V  [libjvm.dylib+0x53fd15]  JavaThread::thread_main_inner()+0x9b
V  [libjvm.dylib+0x5413fe]  JavaThread::run()+0x1c0
V  [libjvm.dylib+0x463efa]  java_start(Thread*)+0xf6
C  [libsystem_pthread.dylib+0x5e65]  _pthread_start+0x94
C  [libsystem_pthread.dylib+0x183b]  thread_start+0xf
C  0x0000000000000000

Java frames: (J=compiled Java code, j=interpreted, Vv=VM code)
J 161  java.util.zip.ZipFile.getEntry(J[BZ)J (0 bytes) @ 0x0000000112d064d8 [0x0000000112d06480+0x58]
J 362 C2 java.util.zip.ZipFile.getEntry(Ljava/lang/String;)Ljava/util/zip/ZipEntry; (101 bytes) @ 0x0000000112d99238 [0x0000000112d98ee0+0x358]
J 1999 C1 edu.umd.cs.findbugs.classfile.impl.ZipFileCodeBase.lookupResource(Ljava/lang/String;)Ledu/umd/cs/findbugs/classfile/ICodeBaseEntry; (34 bytes) @ 0x0000000113357c04 [0x0000000113357840+0x3c4]
J 2336 C1 edu.umd.cs.findbugs.classfile.impl.ClassPathImpl.search(Ljava/util/List;Ljava/lang/String;)Ledu/umd/cs/findbugs/classfile/ICodeBaseEntry; (50 bytes) @ 0x000000011349530c [0x0000000113494fa0+0x36c]
J 2867 C1 edu.umd.cs.findbugs.classfile.impl.ClassPathImpl.lookupResource(Ljava/lang/String;)Ledu/umd/cs/findbugs/classfile/ICodeBaseEntry; (69 bytes) @ 0x00000001136d05dc [0x00000001136d02e0+0x2fc]
J 2869 C1 edu.umd.cs.findbugs.classfile.engine.ClassDataAnalysisEngine.analyze(Ledu/umd/cs/findbugs/classfile/IAnalysisCache;Ledu/umd/cs/findbugs/classfile/ClassDescriptor;)Ledu/umd/cs/findbugs/classfile/analysis/ClassData; (149 bytes) @ 0x00000001136d21ac [0x00000001136d1ac0+0x6ec]
J 2868 C1 edu.umd.cs.findbugs.classfile.engine.ClassDataAnalysisEngine.analyze(Ledu/umd/cs/findbugs/classfile/IAnalysisCache;Ljava/lang/Object;)Ljava/lang/Object; (10 bytes) @ 0x00000001136cff2c [0x00000001136cfdc0+0x16c]
J 2838 C2 edu.umd.cs.findbugs.classfile.impl.AnalysisCache.getClassAnalysis(Ljava/lang/Class;Ledu/umd/cs/findbugs/classfile/ClassDescriptor;)Ljava/lang/Object; (239 bytes) @ 0x000000011380d81c [0x000000011380c780+0x109c]
J 2879 C1 edu.umd.cs.findbugs.classfile.engine.ClassInfoAnalysisEngine.analyze(Ledu/umd/cs/findbugs/classfile/IAnalysisCache;Ledu/umd/cs/findbugs/classfile/ClassDescriptor;)Ledu/umd/cs/findbugs/classfile/analysis/ClassInfo; (162 bytes) @ 0x00000001136d914c [0x00000001136d8f40+0x20c]
J 2878 C1 edu.umd.cs.findbugs.classfile.engine.ClassInfoAnalysisEngine.analyze(Ledu/umd/cs/findbugs/classfile/IAnalysisCache;Ljava/lang/Object;)Ljava/lang/Object; (10 bytes) @ 0x00000001136d7a2c [0x00000001136d78c0+0x16c]
J 2838 C2 edu.umd.cs.findbugs.classfile.impl.AnalysisCache.getClassAnalysis(Ljava/lang/Class;Ledu/umd/cs/findbugs/classfile/ClassDescriptor;)Ljava/lang/Object; (239 bytes) @ 0x000000011380d81c [0x000000011380c780+0x109c]
J 2773 C1 edu.umd.cs.findbugs.ba.XFactory.resolveXMethod(Ledu/umd/cs/findbugs/classfile/MethodDescriptor;)Ledu/umd/cs/findbugs/ba/XMethod; (317 bytes) @ 0x0000000113678e34 [0x0000000113678840+0x5f4]
J 2449 C1 edu.umd.cs.findbugs.ba.XFactory.createXMethod(Ledu/umd/cs/findbugs/classfile/MethodDescriptor;)Ledu/umd/cs/findbugs/ba/XMethod; (79 bytes) @ 0x00000001134f3b14 [0x00000001134f36e0+0x434]
J 2601 C1 edu.umd.cs.findbugs.ba.XFactory.createReferencedXMethod(Ledu/umd/cs/findbugs/visitclass/DismantleBytecode;)Ledu/umd/cs/findbugs/ba/XMethod; (38 bytes) @ 0x00000001135c3ddc [0x00000001135c3680+0x75c]
J 2626 C1 edu.umd.cs.findbugs.OpcodeStack.processMethodCall(Ledu/umd/cs/findbugs/visitclass/DismantleBytecode;I)V (2432 bytes) @ 0x00000001135fb86c [0x00000001135edec0+0xd9ac]
J 2413 C1 edu.umd.cs.findbugs.OpcodeStack.sawOpcode(Ledu/umd/cs/findbugs/visitclass/DismantleBytecode;I)V (4690 bytes) @ 0x0000000113556e04 [0x000000011354c9c0+0xa444]
J 2746 C2 edu.umd.cs.findbugs.bcel.OpcodeStackDetector.afterOpcode(I)V (10 bytes) @ 0x0000000113654b68 [0x0000000113654b20+0x48]
J 3048 C1 edu.umd.cs.findbugs.visitclass.DismantleBytecode.visit(Lorg/apache/bcel/classfile/Code;)V (2863 bytes) @ 0x00000001137f39ec [0x00000001137ed040+0x69ac]
J 2816 C1 edu.umd.cs.findbugs.detect.FieldItemSummary.visit(Lorg/apache/bcel/classfile/Code;)V (247 bytes) @ 0x00000001136a0a94 [0x00000001136a0a00+0x94]
J 2547 C1 edu.umd.cs.findbugs.visitclass.PreorderVisitor.visitCode(Lorg/apache/bcel/classfile/Code;)V (102 bytes) @ 0x0000000113518284 [0x0000000113518100+0x184]
J 2592 C1 edu.umd.cs.findbugs.bcel.OpcodeStackDetector.visitCode(Lorg/apache/bcel/classfile/Code;)V (40 bytes) @ 0x000000011354751c [0x00000001135472c0+0x25c]
J 2546 C1 org.apache.bcel.classfile.Code.accept(Lorg/apache/bcel/classfile/Visitor;)V (8 bytes) @ 0x0000000113519a0c [0x0000000113519900+0x10c]
J 2934 C2 edu.umd.cs.findbugs.visitclass.PreorderVisitor.doVisitMethod(Lorg/apache/bcel/classfile/Method;)V (202 bytes) @ 0x00000001137703d0 [0x000000011376fd40+0x690]
J 2766 C1 edu.umd.cs.findbugs.visitclass.PreorderVisitor.visitJavaClass(Lorg/apache/bcel/classfile/JavaClass;)V (254 bytes) @ 0x000000011366f8a4 [0x000000011366e460+0x1444]
J 3046 C1 org.apache.bcel.classfile.JavaClass.accept(Lorg/apache/bcel/classfile/Visitor;)V (8 bytes) @ 0x00000001137d9ecc [0x00000001137d9dc0+0x10c]
j  edu.umd.cs.findbugs.BytecodeScanningDetector.visitClassContext(Ledu/umd/cs/findbugs/ba/ClassContext;)V+10
J 3045 C1 edu.umd.cs.findbugs.DetectorToDetector2Adapter.visitClass(Ledu/umd/cs/findbugs/classfile/ClassDescriptor;)V (80 bytes) @ 0x00000001137dd1c4 [0x00000001137dcb20+0x6a4]
j  edu.umd.cs.findbugs.FindBugs2.analyzeApplication()V+1045
j  edu.umd.cs.findbugs.FindBugs2.execute()V+403
j  com.github.spotbugs.internal.spotbugs.SpotBugsExecutor.runSpotbugs(Lcom/github/spotbugs/internal/spotbugs/SpotBugsSpec;)Lcom/github/spotbugs/internal/spotbugs/SpotBugsResult;+67
v  ~StubRoutines::call_stub
j  sun.reflect.NativeMethodAccessorImpl.invoke0(Ljava/lang/reflect/Method;Ljava/lang/Object;[Ljava/lang/Object;)Ljava/lang/Object;+0
j  sun.reflect.NativeMethodAccessorImpl.invoke(Ljava/lang/Object;[Ljava/lang/Object;)Ljava/lang/Object;+100
j  sun.reflect.DelegatingMethodAccessorImpl.invoke(Ljava/lang/Object;[Ljava/lang/Object;)Ljava/lang/Object;+6
j  java.lang.reflect.Method.invoke(Ljava/lang/Object;[Ljava/lang/Object;)Ljava/lang/Object;+56
j  org.gradle.process.internal.worker.request.WorkerAction.run(Lorg/gradle/process/internal/worker/request/Request;)V+56
j  org.gradle.process.internal.worker.request.WorkerAction.runThenStop(Lorg/gradle/process/internal/worker/request/Request;)V+2
v  ~StubRoutines::call_stub
j  sun.reflect.NativeMethodAccessorImpl.invoke0(Ljava/lang/reflect/Method;Ljava/lang/Object;[Ljava/lang/Object;)Ljava/lang/Object;+0
j  sun.reflect.NativeMethodAccessorImpl.invoke(Ljava/lang/Object;[Ljava/lang/Object;)Ljava/lang/Object;+100
j  sun.reflect.DelegatingMethodAccessorImpl.invoke(Ljava/lang/Object;[Ljava/lang/Object;)Ljava/lang/Object;+6
j  java.lang.reflect.Method.invoke(Ljava/lang/Object;[Ljava/lang/Object;)Ljava/lang/Object;+56
j  org.gradle.internal.dispatch.ReflectionDispatch.dispatch(Lorg/gradle/internal/dispatch/MethodInvocation;)V+19
j  org.gradle.internal.dispatch.ReflectionDispatch.dispatch(Ljava/lang/Object;)V+5
j  org.gradle.internal.remote.internal.hub.MessageHubBackedObjectConnection$DispatchWrapper.dispatch(Lorg/gradle/internal/dispatch/MethodInvocation;)V+5
j  org.gradle.internal.remote.internal.hub.MessageHubBackedObjectConnection$DispatchWrapper.dispatch(Ljava/lang/Object;)V+5
j  org.gradle.internal.remote.internal.hub.MessageHub$Handler.run()V+174
j  org.gradle.internal.concurrent.ExecutorPolicy$CatchAndRecordFailures.onExecute(Ljava/lang/Runnable;)V+1
j  org.gradle.internal.concurrent.ManagedExecutorImpl$1.run()V+25
j  java.util.concurrent.ThreadPoolExecutor.runWorker(Ljava/util/concurrent/ThreadPoolExecutor$Worker;)V+95
j  java.util.concurrent.ThreadPoolExecutor$Worker.run()V+5
j  org.gradle.internal.concurrent.ThreadFactoryImpl$ManagedThreadRunnable.run()V+7
j  java.lang.Thread.run()V+11
v  ~StubRoutines::call_stub

---------------  P R O C E S S  ---------------

Java Threads: ( => current thread )
  0x00007fc845ad0000 JavaThread "/0:0:0:0:0:0:0:1:53916 to /0:0:0:0:0:0:0:1:53915 workers Thread 3" [_thread_in_native, id=39427, stack(0x000070000b1dc000,0x000070000b2dc000)]
  0x00007fc845ae1800 JavaThread "/0:0:0:0:0:0:0:1:53916 to /0:0:0:0:0:0:0:1:53915 workers Thread 2" [_thread_blocked, id=25347, stack(0x000070000b0d9000,0x000070000b1d9000)]
=>0x00007fc848255800 JavaThread "/0:0:0:0:0:0:0:1:53916 to /0:0:0:0:0:0:0:1:53915 workers" [_thread_in_native, id=40195, stack(0x000070000afd6000,0x000070000b0d6000)]
  0x00007fc847030800 JavaThread "Service Thread" daemon [_thread_blocked, id=41219, stack(0x000070000add0000,0x000070000aed0000)]
  0x00007fc845020800 JavaThread "C1 CompilerThread11" daemon [_thread_blocked, id=24835, stack(0x000070000accd000,0x000070000adcd000)]
  0x00007fc84807c800 JavaThread "C1 CompilerThread10" daemon [_thread_blocked, id=41731, stack(0x000070000abca000,0x000070000acca000)]
  0x00007fc7f4801000 JavaThread "C1 CompilerThread9" daemon [_thread_blocked, id=24323, stack(0x000070000aac7000,0x000070000abc7000)]
  0x00007fc84481c800 JavaThread "C1 CompilerThread8" daemon [_thread_blocked, id=23811, stack(0x000070000a9c4000,0x000070000aac4000)]
  0x00007fc84701f800 JavaThread "C2 CompilerThread7" daemon [_thread_in_native, id=41987, stack(0x000070000a8c1000,0x000070000a9c1000)]
  0x00007fc844807000 JavaThread "C2 CompilerThread6" daemon [_thread_in_native, id=23299, stack(0x000070000a7be000,0x000070000a8be000)]
  0x00007fc847017000 JavaThread "C2 CompilerThread5" daemon [_thread_in_native, id=22787, stack(0x000070000a6bb000,0x000070000a7bb000)]
  0x00007fc844806800 JavaThread "C2 CompilerThread4" daemon [_thread_in_native, id=42499, stack(0x000070000a5b8000,0x000070000a6b8000)]
  0x00007fc844805800 JavaThread "C2 CompilerThread3" daemon [_thread_in_native, id=42755, stack(0x000070000a4b5000,0x000070000a5b5000)]
  0x00007fc845020000 JavaThread "C2 CompilerThread2" daemon [_thread_blocked, id=22019, stack(0x000070000a3b2000,0x000070000a4b2000)]
  0x00007fc7f4800000 JavaThread "C2 CompilerThread1" daemon [_thread_in_native, id=21763, stack(0x000070000a2af000,0x000070000a3af000)]
  0x00007fc848029800 JavaThread "C2 CompilerThread0" daemon [_thread_blocked, id=15363, stack(0x000070000a1ac000,0x000070000a2ac000)]
  0x00007fc848027800 JavaThread "Signal Dispatcher" daemon [_thread_blocked, id=15107, stack(0x000070000a0a9000,0x000070000a1a9000)]
  0x00007fc849001000 JavaThread "Finalizer" daemon [_thread_blocked, id=18179, stack(0x0000700009ea0000,0x0000700009fa0000)]
  0x00007fc846028800 JavaThread "Reference Handler" daemon [_thread_blocked, id=13059, stack(0x0000700009d9d000,0x0000700009e9d000)]
  0x00007fc846001800 JavaThread "main" [_thread_blocked, id=4355, stack(0x0000700008e70000,0x0000700008f70000)]

Other Threads:
  0x00007fc846022000 VMThread [stack: 0x0000700009c9a000,0x0000700009d9a000] [id=12803]
  0x00007fc84900b000 WatcherThread [stack: 0x000070000aed3000,0x000070000afd3000] [id=40707]

VM state:not at safepoint (normal execution)

VM Mutex/Monitor currently owned by a thread: None

heap address: 0x0000000740000000, size: 2048 MB, Compressed Oops mode: Zero based, Oop shift amount: 3
Narrow klass base: 0x0000000000000000, Narrow klass shift: 3
Compressed class space size: 1073741824 Address: 0x00000007c0000000

Heap:
 PSYoungGen      total 153088K, used 83321K [0x0000000795580000, 0x00000007a0000000, 0x00000007c0000000)
  eden space 131584K, 52% used [0x0000000795580000,0x00000007999173f0,0x000000079d600000)
  from space 21504K, 65% used [0x000000079eb00000,0x000000079f8c7038,0x00000007a0000000)
  to   space 21504K, 0% used [0x000000079d600000,0x000000079d600000,0x000000079eb00000)
 ParOldGen       total 349696K, used 96K [0x0000000740000000, 0x0000000755580000, 0x0000000795580000)
  object space 349696K, 0% used [0x0000000740000000,0x0000000740018010,0x0000000755580000)
 Metaspace       used 18339K, capacity 18604K, committed 18816K, reserved 1064960K
  class space    used 2294K, capacity 2395K, committed 2432K, reserved 1048576K

Card table byte_map: [0x000000010db52000,0x000000010df53000] byte_map_base: 0x000000010a152000

Marking Bits: (ParMarkBitMap*) 0x000000010d49bfa0
 Begin Bits: [0x000000010e1fe000, 0x00000001101fe000)
 End Bits:   [0x00000001101fe000, 0x00000001121fe000)

Polling page: 0x000000010abda000

CodeCache: size=245760Kb used=14450Kb max_used=14464Kb free=231309Kb
 bounds [0x00000001129f9000, 0x0000000113829000, 0x00000001219f9000]
 total_blobs=3438 nmethods=3062 adapters=285
 compilation: enabled

Compilation events (10 events):
Event: 4.512 Thread 0x00007fc7f4801000 3071       3       edu.umd.cs.findbugs.visitclass.BetterVisitor::visit (1 bytes)
Event: 4.512 Thread 0x00007fc845020800 3072       3       org.apache.bcel.classfile.SourceFile::accept (8 bytes)
Event: 4.512 Thread 0x00007fc84481c800 3073       3       edu.umd.cs.findbugs.visitclass.BetterVisitor::visitSourceFile (6 bytes)
Event: 4.512 Thread 0x00007fc7f4801000 nmethod 3071 0x000000011380b350 code [0x000000011380b4a0, 0x000000011380b5f0]
Event: 4.512 Thread 0x00007fc7f4801000 3074       3       edu.umd.cs.findbugs.visitclass.BetterVisitor::visit (6 bytes)
Event: 4.513 Thread 0x00007fc845020800 nmethod 3072 0x000000011380aed0 code [0x000000011380b040, 0x000000011380b268]
Event: 4.513 Thread 0x00007fc84481c800 nmethod 3073 0x000000011380a950 code [0x000000011380aac0, 0x000000011380add0]
Event: 4.513 Thread 0x00007fc7f4801000 nmethod 3074 0x000000011380a510 code [0x000000011380a680, 0x000000011380a8b0]
Event: 4.515 Thread 0x00007fc84807c800 3075       1       edu.umd.cs.findbugs.visitclass.BetterVisitor::visit (1 bytes)
Event: 4.515 Thread 0x00007fc84807c800 nmethod 3075 0x00000001137e0390 code [0x00000001137e04e0, 0x00000001137e05f0]

GC Heap History (4 events):
Event: 2.619 GC heap before
{Heap before GC invocations=1 (full 0):
 PSYoungGen      total 153088K, used 131584K [0x0000000795580000, 0x00000007a0000000, 0x00000007c0000000)
  eden space 131584K, 100% used [0x0000000795580000,0x000000079d600000,0x000000079d600000)
  from space 21504K, 0% used [0x000000079eb00000,0x000000079eb00000,0x00000007a0000000)
  to   space 21504K, 0% used [0x000000079d600000,0x000000079d600000,0x000000079eb00000)
 ParOldGen       total 349696K, used 0K [0x0000000740000000, 0x0000000755580000, 0x0000000795580000)
  object space 349696K, 0% used [0x0000000740000000,0x0000000740000000,0x0000000755580000)
 Metaspace       used 13921K, capacity 14108K, committed 14208K, reserved 1060864K
  class space    used 1844K, capacity 1902K, committed 1920K, reserved 1048576K
Event: 2.630 GC heap after
Heap after GC invocations=1 (full 0):
 PSYoungGen      total 153088K, used 10615K [0x0000000795580000, 0x00000007a0000000, 0x00000007c0000000)
  eden space 131584K, 0% used [0x0000000795580000,0x0000000795580000,0x000000079d600000)
  from space 21504K, 49% used [0x000000079d600000,0x000000079e05de08,0x000000079eb00000)
  to   space 21504K, 0% used [0x000000079eb00000,0x000000079eb00000,0x00000007a0000000)
 ParOldGen       total 349696K, used 80K [0x0000000740000000, 0x0000000755580000, 0x0000000795580000)
  object space 349696K, 0% used [0x0000000740000000,0x0000000740014010,0x0000000755580000)
 Metaspace       used 13921K, capacity 14108K, committed 14208K, reserved 1060864K
  class space    used 1844K, capacity 1902K, committed 1920K, reserved 1048576K
}
Event: 3.771 GC heap before
{Heap before GC invocations=2 (full 0):
 PSYoungGen      total 153088K, used 142199K [0x0000000795580000, 0x00000007a0000000, 0x00000007c0000000)
  eden space 131584K, 100% used [0x0000000795580000,0x000000079d600000,0x000000079d600000)
  from space 21504K, 49% used [0x000000079d600000,0x000000079e05de08,0x000000079eb00000)
  to   space 21504K, 0% used [0x000000079eb00000,0x000000079eb00000,0x00000007a0000000)
 ParOldGen       total 349696K, used 80K [0x0000000740000000, 0x0000000755580000, 0x0000000795580000)
  object space 349696K, 0% used [0x0000000740000000,0x0000000740014010,0x0000000755580000)
 Metaspace       used 17588K, capacity 17804K, committed 18048K, reserved 1064960K
  class space    used 2268K, capacity 2363K, committed 2432K, reserved 1048576K
Event: 3.784 GC heap after
Heap after GC invocations=2 (full 0):
 PSYoungGen      total 153088K, used 14108K [0x0000000795580000, 0x00000007a0000000, 0x00000007c0000000)
  eden space 131584K, 0% used [0x0000000795580000,0x0000000795580000,0x000000079d600000)
  from space 21504K, 65% used [0x000000079eb00000,0x000000079f8c7038,0x00000007a0000000)
  to   space 21504K, 0% used [0x000000079d600000,0x000000079d600000,0x000000079eb00000)
 ParOldGen       total 349696K, used 96K [0x0000000740000000, 0x0000000755580000, 0x0000000795580000)
  object space 349696K, 0% used [0x0000000740000000,0x0000000740018010,0x0000000755580000)
 Metaspace       used 17588K, capacity 17804K, committed 18048K, reserved 1064960K
  class space    used 2268K, capacity 2363K, committed 2432K, reserved 1048576K
}

Deoptimization events (10 events):
Event: 4.226 Thread 0x00007fc848255800 Uncommon trap: reason=class_check action=maybe_recompile pc=0x0000000112e6ec4c method=java.lang.String.equals(Ljava/lang/Object;)Z @ 8
Event: 4.227 Thread 0x00007fc848255800 Uncommon trap: reason=class_check action=maybe_recompile pc=0x0000000112e6ec4c method=java.lang.String.equals(Ljava/lang/Object;)Z @ 8
Event: 4.227 Thread 0x00007fc848255800 Uncommon trap: reason=class_check action=maybe_recompile pc=0x0000000112e6ec4c method=java.lang.String.equals(Ljava/lang/Object;)Z @ 8
Event: 4.273 Thread 0x00007fc848255800 Uncommon trap: reason=unstable_if action=reinterpret pc=0x00000001136f8330 method=edu.umd.cs.findbugs.classfile.engine.ClassParserUsingASM$ClassParserMethodVisitor.visitInsn(I)V @ 173
Event: 4.277 Thread 0x00007fc848255800 Uncommon trap: reason=null_check action=make_not_entrant pc=0x00000001136e3174 method=edu.umd.cs.findbugs.OpcodeStack$Item.merge(Ledu/umd/cs/findbugs/OpcodeStack$Item;Ledu/umd/cs/findbugs/OpcodeStack$Item;)Ledu/umd/cs/findbugs/OpcodeStack$Item; @ 236
Event: 4.333 Thread 0x00007fc848255800 Uncommon trap: reason=null_check action=make_not_entrant pc=0x0000000113727fe8 method=edu.umd.cs.findbugs.OpcodeStack$Item.merge(Ledu/umd/cs/findbugs/OpcodeStack$Item;Ledu/umd/cs/findbugs/OpcodeStack$Item;)Ledu/umd/cs/findbugs/OpcodeStack$Item; @ 259
Event: 4.371 Thread 0x00007fc848255800 Uncommon trap: reason=unstable_if action=reinterpret pc=0x000000011379fb48 method=edu.umd.cs.findbugs.OpcodeStack$Item.equals(Ljava/lang/Object;)Z @ 125
Event: 4.374 Thread 0x00007fc848255800 Uncommon trap: reason=unstable_if action=reinterpret pc=0x00000001134b6848 method=edu.umd.cs.findbugs.classfile.engine.ClassParserUsingASM$ClassParserMethodVisitor.visitMethodInsn(ILjava/lang/String;Ljava/lang/String;Ljava/lang/String;Z)V @ 192
Event: 4.383 Thread 0x00007fc848255800 Uncommon trap: reason=unstable_if action=reinterpret pc=0x000000011376d6c0 method=edu.umd.cs.findbugs.OpcodeStack.mergeJumps(Ledu/umd/cs/findbugs/visitclass/DismantleBytecode;)V @ 461
Event: 4.471 Thread 0x00007fc848255800 Uncommon trap: reason=unstable_if action=reinterpret pc=0x0000000113710864 method=edu.umd.cs.findbugs.visitclass.DismantleBytecode.visit(Lorg/apache/bcel/classfile/Code;)V @ 161

Classes redefined (0 events):
No events

Internal exceptions (10 events):
Event: 1.175 Thread 0x00007fc846001800 Exception <a 'java/security/PrivilegedActionException'> (0x0000000798181c38) thrown at [/Users/jenkins/workspace/build-scripts/jobs/jdk8u/jdk8u-mac-x64-hotspot/workspace/build/src/hotspot/src/share/vm/prims/jvm.cpp, line 1502]
Event: 1.419 Thread 0x00007fc846001800 Exception <a 'java/lang/ArrayIndexOutOfBoundsException'> (0x0000000799772328) thrown at [/Users/jenkins/workspace/build-scripts/jobs/jdk8u/jdk8u-mac-x64-hotspot/workspace/build/src/hotspot/src/share/vm/runtime/sharedRuntime.cpp, line 605]
Event: 1.419 Thread 0x00007fc846001800 Exception <a 'java/lang/ArrayIndexOutOfBoundsException'> (0x0000000799774080) thrown at [/Users/jenkins/workspace/build-scripts/jobs/jdk8u/jdk8u-mac-x64-hotspot/workspace/build/src/hotspot/src/share/vm/runtime/sharedRuntime.cpp, line 605]
Event: 1.509 Thread 0x00007fc845ad0000 Exception <a 'java/lang/NoSuchMethodError': <clinit>> (0x000000079a752b60) thrown at [/Users/jenkins/workspace/build-scripts/jobs/jdk8u/jdk8u-mac-x64-hotspot/workspace/build/src/hotspot/src/share/vm/prims/jni.cpp, line 1615]
Event: 1.510 Thread 0x00007fc845ad0000 Exception <a 'java/lang/NoSuchMethodError': <clinit>> (0x000000079a75c478) thrown at [/Users/jenkins/workspace/build-scripts/jobs/jdk8u/jdk8u-mac-x64-hotspot/workspace/build/src/hotspot/src/share/vm/prims/jni.cpp, line 1615]
Event: 3.098 Thread 0x00007fc848255800 Implicit null exception at 0x000000011318d91f to 0x000000011318dc5d
Event: 3.107 Thread 0x00007fc848255800 Exception <a 'sun/nio/fs/UnixException'> (0x00000007995fad68) thrown at [/Users/jenkins/workspace/build-scripts/jobs/jdk8u/jdk8u-mac-x64-hotspot/workspace/build/src/hotspot/src/share/vm/prims/jni.cpp, line 710]
Event: 3.976 Thread 0x00007fc848255800 Implicit null exception at 0x000000011347946f to 0x00000001134797cd
Event: 4.277 Thread 0x00007fc848255800 Implicit null exception at 0x00000001136e2cdc to 0x00000001136e315d
Event: 4.333 Thread 0x00007fc848255800 Implicit null exception at 0x0000000113727c5b to 0x0000000113727fd1

Events (10 events):
Event: 4.401 loading class edu/umd/cs/findbugs/ba/generic/GenericUtilities done
Event: 4.402 loading class edu/umd/cs/findbugs/ba/generic/GenericObjectType
Event: 4.402 loading class edu/umd/cs/findbugs/ba/generic/GenericObjectType done
Event: 4.403 Executing VM operation: Deoptimize
Event: 4.404 Executing VM operation: Deoptimize done
Event: 4.404 loading class edu/umd/cs/findbugs/ba/generic/GenericSignatureParser$ParameterSignatureIterator
Event: 4.404 loading class edu/umd/cs/findbugs/ba/generic/GenericSignatureParser$ParameterSignatureIterator done
Event: 4.471 Thread 0x00007fc848255800 Uncommon trap: trap_request=0xffffff65 fr.pc=0x0000000113710864
Event: 4.471 Thread 0x00007fc848255800 DEOPT PACKING pc=0x0000000113710864 sp=0x000070000b0d3790
Event: 4.471 Thread 0x00007fc848255800 DEOPT UNPACKING pc=0x0000000112a3e47a sp=0x000070000b0d3728 mode 2


Dynamic libraries:
0x00007fff3074c000 	/System/Library/Frameworks/Cocoa.framework/Versions/A/Cocoa
0x00007fff3dd1a000 	/System/Library/Frameworks/Security.framework/Versions/A/Security
0x00007fff2f6d6000 	/System/Library/Frameworks/ApplicationServices.framework/Versions/A/ApplicationServices
0x00007fff67fae000 	/usr/lib/libz.1.dylib
0x00007fff65a7d000 	/usr/lib/libSystem.B.dylib
0x00007fff678d2000 	/usr/lib/libobjc.A.dylib
0x00007fff33d88000 	/System/Library/Frameworks/Foundation.framework/Versions/C/Foundation
0x00007fff316c3000 	/System/Library/Frameworks/CoreFoundation.framework/Versions/A/CoreFoundation
0x00007fff2e8cb000 	/System/Library/Frameworks/AppKit.framework/Versions/C/AppKit
0x00007fff311cf000 	/System/Library/Frameworks/CoreData.framework/Versions/A/CoreData
0x00007fff62325000 	/System/Library/PrivateFrameworks/UIFoundation.framework/Versions/A/UIFoundation
0x00007fff5cb01000 	/System/Library/PrivateFrameworks/RemoteViewServices.framework/Versions/A/RemoteViewServices
0x00007fff64db8000 	/System/Library/PrivateFrameworks/XCTTargetBootstrap.framework/Versions/A/XCTTargetBootstrap
0x00007fff315b2000 	/System/Library/Frameworks/CoreDisplay.framework/Versions/A/CoreDisplay
0x00007fff36b00000 	/System/Library/Frameworks/Metal.framework/Versions/A/Metal
0x00007fff4af1d000 	/System/Library/PrivateFrameworks/DesktopServicesPriv.framework/Versions/A/DesktopServicesPriv
0x00007fff66bb3000 	/usr/lib/liblangid.dylib
0x00007fff4a069000 	/System/Library/PrivateFrameworks/CoreSVG.framework/Versions/A/CoreSVG
0x00007fff5f8c8000 	/System/Library/PrivateFrameworks/SkyLight.framework/Versions/A/SkyLight
0x00007fff31b45000 	/System/Library/Frameworks/CoreGraphics.framework/Versions/A/CoreGraphics
0x00007fff2d46a000 	/System/Library/Frameworks/Accelerate.framework/Versions/A/Accelerate
0x00007fff67e9f000 	/usr/lib/libxml2.2.dylib
0x00007fff55c2b000 	/System/Library/PrivateFrameworks/IconServices.framework/Versions/A/IconServices
0x00007fff3456d000 	/System/Library/Frameworks/IOSurface.framework/Versions/A/IOSurface
0x00007fff655b5000 	/usr/lib/libDiagnosticMessagesClient.dylib
0x00007fff4ad96000 	/System/Library/PrivateFrameworks/DFRFoundation.framework/Versions/A/DFRFoundation
0x00007fff66941000 	/usr/lib/libicucore.A.dylib
0x00007fff2fa08000 	/System/Library/Frameworks/AudioToolbox.framework/Versions/A/AudioToolbox
0x00007fff2faea000 	/System/Library/Frameworks/AudioUnit.framework/Versions/A/AudioUnit
0x00007fff65c7e000 	/usr/lib/libauto.dylib
0x00007fff4ae17000 	/System/Library/PrivateFrameworks/DataDetectorsCore.framework/Versions/A/DataDetectorsCore
0x00007fff3026c000 	/System/Library/Frameworks/Carbon.framework/Versions/A/Frameworks/HIToolbox.framework/Versions/A/HIToolbox
0x00007fff3cf4b000 	/System/Library/Frameworks/QuartzCore.framework/Versions/A/QuartzCore
0x00007fff305ab000 	/System/Library/Frameworks/Carbon.framework/Versions/A/Frameworks/SpeechRecognition.framework/Versions/A/SpeechRecognition
0x00007fff4a71c000 	/System/Library/PrivateFrameworks/CoreUI.framework/Versions/A/CoreUI
0x00007fff30c35000 	/System/Library/Frameworks/CoreAudio.framework/Versions/A/CoreAudio
0x00007fff33a50000 	/System/Library/Frameworks/DiskArbitration.framework/Versions/A/DiskArbitration
0x00007fff57c40000 	/System/Library/PrivateFrameworks/MultitouchSupport.framework/Versions/A/MultitouchSupport
0x00007fff66807000 	/usr/lib/libenergytrace.dylib
0x00007fff344c8000 	/System/Library/Frameworks/IOKit.framework/Versions/A/IOKit
0x00007fff32ab3000 	/System/Library/Frameworks/CoreServices.framework/Versions/A/CoreServices
0x00007fff59d4d000 	/System/Library/PrivateFrameworks/PerformanceAnalysis.framework/Versions/A/PerformanceAnalysis
0x00007fff3bf81000 	/System/Library/Frameworks/OpenGL.framework/Versions/A/OpenGL
0x00007fff3075a000 	/System/Library/Frameworks/ColorSync.framework/Versions/A/ColorSync
0x00007fff321cc000 	/System/Library/Frameworks/CoreImage.framework/Versions/A/CoreImage
0x00007fff33529000 	/System/Library/Frameworks/CoreText.framework/Versions/A/CoreText
0x00007fff345f3000 	/System/Library/Frameworks/ImageIO.framework/Versions/A/ImageIO
0x00007fff65d63000 	/usr/lib/libc++.1.dylib
0x00007fff65ddf000 	/usr/lib/libcompression.dylib
0x00007fff658f7000 	/usr/lib/libMobileGestalt.dylib
0x00007fff61407000 	/System/Library/PrivateFrameworks/TextureIO.framework/Versions/A/TextureIO
0x00007fff65be4000 	/usr/lib/libate.dylib
0x00007fff55e34000 	/System/Library/PrivateFrameworks/InternationalSupport.framework/Versions/A/InternationalSupport
0x00007fff68a24000 	/usr/lib/system/libcache.dylib
0x00007fff68a2a000 	/usr/lib/system/libcommonCrypto.dylib
0x00007fff68a36000 	/usr/lib/system/libcompiler_rt.dylib
0x00007fff68a3e000 	/usr/lib/system/libcopyfile.dylib
0x00007fff68a48000 	/usr/lib/system/libcorecrypto.dylib
0x00007fff68bf6000 	/usr/lib/system/libdispatch.dylib
0x00007fff68c38000 	/usr/lib/system/libdyld.dylib
0x00007fff68c6e000 	/usr/lib/system/libkeymgr.dylib
0x00007fff68c7c000 	/usr/lib/system/liblaunch.dylib
0x00007fff68c7d000 	/usr/lib/system/libmacho.dylib
0x00007fff68c83000 	/usr/lib/system/libquarantine.dylib
0x00007fff68c86000 	/usr/lib/system/libremovefile.dylib
0x00007fff68c88000 	/usr/lib/system/libsystem_asl.dylib
0x00007fff68ca0000 	/usr/lib/system/libsystem_blocks.dylib
0x00007fff68ca1000 	/usr/lib/system/libsystem_c.dylib
0x00007fff68d29000 	/usr/lib/system/libsystem_configuration.dylib
0x00007fff68d2d000 	/usr/lib/system/libsystem_coreservices.dylib
0x00007fff68d31000 	/usr/lib/system/libsystem_darwin.dylib
0x00007fff68d3a000 	/usr/lib/system/libsystem_dnssd.dylib
0x00007fff68d42000 	/usr/lib/system/libsystem_featureflags.dylib
0x00007fff68d44000 	/usr/lib/system/libsystem_info.dylib
0x00007fff68dbf000 	/usr/lib/system/libsystem_m.dylib
0x00007fff68e07000 	/usr/lib/system/libsystem_malloc.dylib
0x00007fff68e2f000 	/usr/lib/system/libsystem_networkextension.dylib
0x00007fff68e3d000 	/usr/lib/system/libsystem_notify.dylib
0x00007fff68e5c000 	/usr/lib/system/libsystem_sandbox.dylib
0x00007fff68e61000 	/usr/lib/system/libsystem_secinit.dylib
0x00007fff68d92000 	/usr/lib/system/libsystem_kernel.dylib
0x00007fff68e47000 	/usr/lib/system/libsystem_platform.dylib
0x00007fff68e51000 	/usr/lib/system/libsystem_pthread.dylib
0x00007fff68e64000 	/usr/lib/system/libsystem_symptoms.dylib
0x00007fff68e6c000 	/usr/lib/system/libsystem_trace.dylib
0x00007fff68e84000 	/usr/lib/system/libunwind.dylib
0x00007fff68e8a000 	/usr/lib/system/libxpc.dylib
0x00007fff65db7000 	/usr/lib/libc++abi.dylib
0x00007fff66bb5000 	/usr/lib/liblzma.5.dylib
0x00007fff6682f000 	/usr/lib/libfakelink.dylib
0x00007fff65b71000 	/usr/lib/libarchive.2.dylib
0x00007fff3eebc000 	/System/Library/Frameworks/SystemConfiguration.framework/Versions/A/SystemConfiguration
0x00007fff654e6000 	/usr/lib/libCRFSuite.dylib
0x00007fff2fe60000 	/System/Library/Frameworks/CFNetwork.framework/Versions/A/CFNetwork
0x00007fff65d45000 	/usr/lib/libbsm.0.dylib
0x00007fff68c6f000 	/usr/lib/system/libkxld.dylib
0x00007fff4484d000 	/System/Library/PrivateFrameworks/AppleFSCompression.framework/Versions/A/AppleFSCompression
0x00007fff660c6000 	/usr/lib/libcoretls.dylib
0x00007fff660dd000 	/usr/lib/libcoretls_cfhelpers.dylib
0x00007fff67916000 	/usr/lib/libpam.2.dylib
0x00007fff67a49000 	/usr/lib/libsqlite3.dylib
0x00007fff67e8c000 	/usr/lib/libxar.1.dylib
0x00007fff65d56000 	/usr/lib/libbz2.1.0.dylib
0x00007fff66850000 	/usr/lib/libiconv.2.dylib
0x00007fff65dcc000 	/usr/lib/libcharset.1.dylib
0x00007fff673bd000 	/usr/lib/libnetwork.dylib
0x00007fff6791d000 	/usr/lib/libpcap.A.dylib
0x00007fff65b26000 	/usr/lib/libapple_nghttp2.dylib
0x00007fff32e6a000 	/System/Library/Frameworks/CoreServices.framework/Versions/A/Frameworks/FSEvents.framework/Versions/A/FSEvents
0x00007fff32b3a000 	/System/Library/Frameworks/CoreServices.framework/Versions/A/Frameworks/CarbonCore.framework/Versions/A/CarbonCore
0x00007fff330ad000 	/System/Library/Frameworks/CoreServices.framework/Versions/A/Frameworks/Metadata.framework/Versions/A/Metadata
0x00007fff33146000 	/System/Library/Frameworks/CoreServices.framework/Versions/A/Frameworks/OSServices.framework/Versions/A/OSServices
0x00007fff33174000 	/System/Library/Frameworks/CoreServices.framework/Versions/A/Frameworks/SearchKit.framework/Versions/A/SearchKit
0x00007fff32ab4000 	/System/Library/Frameworks/CoreServices.framework/Versions/A/Frameworks/AE.framework/Versions/A/AE
0x00007fff32e73000 	/System/Library/Frameworks/CoreServices.framework/Versions/A/Frameworks/LaunchServices.framework/Versions/A/LaunchServices
0x00007fff32e1c000 	/System/Library/Frameworks/CoreServices.framework/Versions/A/Frameworks/DictionaryServices.framework/Versions/A/DictionaryServices
0x00007fff331dc000 	/System/Library/Frameworks/CoreServices.framework/Versions/A/Frameworks/SharedFileList.framework/Versions/A/SharedFileList
0x00007fff37dd5000 	/System/Library/Frameworks/NetFS.framework/Versions/A/NetFS
0x00007fff58170000 	/System/Library/PrivateFrameworks/NetAuth.framework/Versions/A/NetAuth
0x00007fff65183000 	/System/Library/PrivateFrameworks/login.framework/Versions/A/Frameworks/loginsupport.framework/Versions/A/loginsupport
0x00007fff60f02000 	/System/Library/PrivateFrameworks/TCC.framework/Versions/A/TCC
0x00007fff49438000 	/System/Library/PrivateFrameworks/CoreNLP.framework/Versions/A/CoreNLP
0x00007fff57670000 	/System/Library/PrivateFrameworks/MetadataUtilities.framework/Versions/A/MetadataUtilities
0x00007fff66c8d000 	/usr/lib/libmecabra.dylib
0x00007fff66be5000 	/usr/lib/libmecab.dylib
0x00007fff66840000 	/usr/lib/libgermantok.dylib
0x00007fff65b0d000 	/usr/lib/libThaiTokenizer.dylib
0x00007fff6551e000 	/usr/lib/libChineseTokenizer.dylib
0x00007fff2d482000 	/System/Library/Frameworks/Accelerate.framework/Versions/A/Frameworks/vImage.framework/Versions/A/vImage
0x00007fff2e725000 	/System/Library/Frameworks/Accelerate.framework/Versions/A/Frameworks/vecLib.framework/Versions/A/vecLib
0x00007fff2e669000 	/System/Library/Frameworks/Accelerate.framework/Versions/A/Frameworks/vecLib.framework/Versions/A/libvMisc.dylib
0x00007fff2e48f000 	/System/Library/Frameworks/Accelerate.framework/Versions/A/Frameworks/vecLib.framework/Versions/A/libvDSP.dylib
0x00007fff2daee000 	/System/Library/Frameworks/Accelerate.framework/Versions/A/Frameworks/vecLib.framework/Versions/A/libBLAS.dylib
0x00007fff2e049000 	/System/Library/Frameworks/Accelerate.framework/Versions/A/Frameworks/vecLib.framework/Versions/A/libLAPACK.dylib
0x00007fff2e3ef000 	/System/Library/Frameworks/Accelerate.framework/Versions/A/Frameworks/vecLib.framework/Versions/A/libLinearAlgebra.dylib
0x00007fff2e47c000 	/System/Library/Frameworks/Accelerate.framework/Versions/A/Frameworks/vecLib.framework/Versions/A/libSparseBLAS.dylib
0x00007fff2e405000 	/System/Library/Frameworks/Accelerate.framework/Versions/A/Frameworks/vecLib.framework/Versions/A/libQuadrature.dylib
0x00007fff2dd58000 	/System/Library/Frameworks/Accelerate.framework/Versions/A/Frameworks/vecLib.framework/Versions/A/libBNNS.dylib
0x00007fff2e40b000 	/System/Library/Frameworks/Accelerate.framework/Versions/A/Frameworks/vecLib.framework/Versions/A/libSparse.dylib
0x00007fff561f3000 	/System/Library/PrivateFrameworks/LanguageModeling.framework/Versions/A/LanguageModeling
0x00007fff48dd4000 	/System/Library/PrivateFrameworks/CoreEmoji.framework/Versions/A/CoreEmoji
0x00007fff56311000 	/System/Library/PrivateFrameworks/LinguisticData.framework/Versions/A/LinguisticData
0x00007fff562c2000 	/System/Library/PrivateFrameworks/Lexicon.framework/Versions/A/Lexicon
0x00007fff65dcd000 	/usr/lib/libcmph.dylib
0x00007fff3a9a7000 	/System/Library/Frameworks/OpenDirectory.framework/Versions/A/Frameworks/CFOpenDirectory.framework/Versions/A/CFOpenDirectory
0x00007fff3a9c4000 	/System/Library/Frameworks/OpenDirectory.framework/Versions/A/OpenDirectory
0x00007fff42c91000 	/System/Library/PrivateFrameworks/APFS.framework/Versions/A/APFS
0x00007fff3e06d000 	/System/Library/Frameworks/SecurityFoundation.framework/Versions/A/SecurityFoundation
0x00007fff67e88000 	/usr/lib/libutil.dylib
0x00007fff4a0c1000 	/System/Library/PrivateFrameworks/CoreServicesStore.framework/Versions/A/CoreServicesStore
0x00007fff3e125000 	/System/Library/Frameworks/ServiceManagement.framework/Versions/A/ServiceManagement
0x00007fff46004000 	/System/Library/PrivateFrameworks/BackgroundTaskManagement.framework/Versions/A/BackgroundTaskManagement
0x00007fff67f85000 	/usr/lib/libxslt.1.dylib
0x00007fff44eb2000 	/System/Library/PrivateFrameworks/AppleSystemInfo.framework/Versions/A/AppleSystemInfo
0x00007fff34810000 	/System/Library/Frameworks/ImageIO.framework/Versions/A/Resources/libJPEG.dylib
0x00007fff34acf000 	/System/Library/Frameworks/ImageIO.framework/Versions/A/Resources/libTIFF.dylib
0x00007fff34ab2000 	/System/Library/Frameworks/ImageIO.framework/Versions/A/Resources/libPng.dylib
0x00007fff34751000 	/System/Library/Frameworks/ImageIO.framework/Versions/A/Resources/libGIF.dylib
0x00007fff34755000 	/System/Library/Frameworks/ImageIO.framework/Versions/A/Resources/libJP2.dylib
0x00007fff34acd000 	/System/Library/Frameworks/ImageIO.framework/Versions/A/Resources/libRadiance.dylib
0x00007fff66808000 	/usr/lib/libexpat.1.dylib
0x00007fff449a8000 	/System/Library/PrivateFrameworks/AppleJPEG.framework/Versions/A/AppleJPEG
0x00007fff4d325000 	/System/Library/PrivateFrameworks/FontServices.framework/libFontParser.dylib
0x00007fff641da000 	/System/Library/PrivateFrameworks/WatchdogClient.framework/Versions/A/WatchdogClient
0x00007fff55880000 	/System/Library/PrivateFrameworks/IOAccelerator.framework/Versions/A/IOAccelerator
0x00007fff36e8e000 	/System/Library/Frameworks/MetalPerformanceShaders.framework/Versions/A/MetalPerformanceShaders
0x00007fff52073000 	/System/Library/PrivateFrameworks/GPUWrangler.framework/Versions/A/GPUWrangler
0x00007fff5588b000 	/System/Library/PrivateFrameworks/IOPresentment.framework/Versions/A/IOPresentment
0x00007fff4ada9000 	/System/Library/PrivateFrameworks/DSExternalDisplay.framework/Versions/A/DSExternalDisplay
0x00007fff3b32d000 	/System/Library/Frameworks/OpenGL.framework/Versions/A/Libraries/libCoreFSCache.dylib
0x00007fff36be0000 	/System/Library/Frameworks/MetalPerformanceShaders.framework/Frameworks/MPSCore.framework/Versions/A/MPSCore
0x00007fff36c1d000 	/System/Library/Frameworks/MetalPerformanceShaders.framework/Frameworks/MPSImage.framework/Versions/A/MPSImage
0x00007fff36cdf000 	/System/Library/Frameworks/MetalPerformanceShaders.framework/Frameworks/MPSNeuralNetwork.framework/Versions/A/MPSNeuralNetwork
0x00007fff36ca4000 	/System/Library/Frameworks/MetalPerformanceShaders.framework/Frameworks/MPSMatrix.framework/Versions/A/MPSMatrix
0x00007fff36e3f000 	/System/Library/Frameworks/MetalPerformanceShaders.framework/Frameworks/MPSRayIntersector.framework/Versions/A/MPSRayIntersector
0x00007fff36cc9000 	/System/Library/Frameworks/MetalPerformanceShaders.framework/Frameworks/MPSNDArray.framework/Versions/A/MPSNDArray
0x00007fff576bd000 	/System/Library/PrivateFrameworks/MetalTools.framework/Versions/A/MetalTools
0x00007fff43e56000 	/System/Library/PrivateFrameworks/AggregateDictionary.framework/Versions/A/AggregateDictionary
0x00007fff4885e000 	/System/Library/PrivateFrameworks/CoreAnalytics.framework/Versions/A/CoreAnalytics
0x00007fff44dd0000 	/System/Library/PrivateFrameworks/AppleSauce.framework/Versions/A/AppleSauce
0x00007fff657da000 	/usr/lib/libIOReport.dylib
0x00007fff336de000 	/System/Library/Frameworks/CoreVideo.framework/Versions/A/CoreVideo
0x00007fff534e1000 	/System/Library/PrivateFrameworks/GraphVisualizer.framework/Versions/A/GraphVisualizer
0x00007fff4c8a6000 	/System/Library/PrivateFrameworks/FaceCore.framework/Versions/A/FaceCore
0x00007fff3a94e000 	/System/Library/Frameworks/OpenCL.framework/Versions/A/OpenCL
0x00007fff655fc000 	/usr/lib/libFosl_dynamic.dylib
0x00007fff58b6b000 	/System/Library/PrivateFrameworks/OTSVG.framework/Versions/A/OTSVG
0x00007fff2f7db000 	/System/Library/Frameworks/ApplicationServices.framework/Versions/A/Frameworks/ATS.framework/Versions/A/Resources/libFontRegistry.dylib
0x00007fff4d4f6000 	/System/Library/PrivateFrameworks/FontServices.framework/libhvf.dylib
0x00007fff3b338000 	/System/Library/Frameworks/OpenGL.framework/Versions/A/Libraries/libGFXShared.dylib
0x00007fff3b515000 	/System/Library/Frameworks/OpenGL.framework/Versions/A/Libraries/libGLU.dylib
0x00007fff3b341000 	/System/Library/Frameworks/OpenGL.framework/Versions/A/Libraries/libGL.dylib
0x00007fff3b34c000 	/System/Library/Frameworks/OpenGL.framework/Versions/A/Libraries/libGLImage.dylib
0x00007fff3b32a000 	/System/Library/Frameworks/OpenGL.framework/Versions/A/Libraries/libCVMSPluginSupport.dylib
0x00007fff3b333000 	/System/Library/Frameworks/OpenGL.framework/Versions/A/Libraries/libCoreVMClient.dylib
0x00007fff6725f000 	/usr/lib/libncurses.5.4.dylib
0x00007fff2f6d7000 	/System/Library/Frameworks/ApplicationServices.framework/Versions/A/Frameworks/ATS.framework/Versions/A/ATS
0x00007fff2f8a4000 	/System/Library/Frameworks/ApplicationServices.framework/Versions/A/Frameworks/ColorSyncLegacy.framework/Versions/A/ColorSyncLegacy
0x00007fff2f943000 	/System/Library/Frameworks/ApplicationServices.framework/Versions/A/Frameworks/HIServices.framework/Versions/A/HIServices
0x00007fff2f99a000 	/System/Library/Frameworks/ApplicationServices.framework/Versions/A/Frameworks/LangAnalysis.framework/Versions/A/LangAnalysis
0x00007fff2f9a9000 	/System/Library/Frameworks/ApplicationServices.framework/Versions/A/Frameworks/PrintCore.framework/Versions/A/PrintCore
0x00007fff2f9ef000 	/System/Library/Frameworks/ApplicationServices.framework/Versions/A/Frameworks/QD.framework/Versions/A/QD
0x00007fff2f9fa000 	/System/Library/Frameworks/ApplicationServices.framework/Versions/A/Frameworks/SpeechSynthesis.framework/Versions/A/SpeechSynthesis
0x00007fff2f874000 	/System/Library/Frameworks/ApplicationServices.framework/Versions/A/Frameworks/ATSUI.framework/Versions/A/ATSUI
0x00007fff6669c000 	/usr/lib/libcups.2.dylib
0x00007fff35f3d000 	/System/Library/Frameworks/Kerberos.framework/Versions/A/Kerberos
0x00007fff341bd000 	/System/Library/Frameworks/GSS.framework/Versions/A/GSS
0x00007fff679d5000 	/usr/lib/libresolv.9.dylib
0x00007fff53682000 	/System/Library/PrivateFrameworks/Heimdal.framework/Versions/A/Heimdal
0x00007fff35f50000 	/System/Library/Frameworks/Kerberos.framework/Versions/A/Libraries/libHeimdalProxy.dylib
0x00007fff66846000 	/usr/lib/libheimdal-asn1.dylib
0x00007fff47d04000 	/System/Library/PrivateFrameworks/CommonAuth.framework/Versions/A/CommonAuth
0x00007fff44f4f000 	/System/Library/PrivateFrameworks/AssertionServices.framework/Versions/A/AssertionServices
0x00007fff45af2000 	/System/Library/PrivateFrameworks/AudioToolboxCore.framework/Versions/A/AudioToolboxCore
0x00007fff64e34000 	/System/Library/PrivateFrameworks/caulk.framework/Versions/A/caulk
0x00007fff460b0000 	/System/Library/PrivateFrameworks/BaseBoard.framework/Versions/A/BaseBoard
0x00007fff5cc90000 	/System/Library/PrivateFrameworks/RunningBoardServices.framework/Versions/A/RunningBoardServices
0x00007fff59d59000 	/System/Library/PrivateFrameworks/PersistentConnection.framework/Versions/A/PersistentConnection
0x00007fff5c6df000 	/System/Library/PrivateFrameworks/ProtocolBuffer.framework/Versions/A/ProtocolBuffer
0x00007fff47d29000 	/System/Library/PrivateFrameworks/CommonUtilities.framework/Versions/A/CommonUtilities
0x00007fff46233000 	/System/Library/PrivateFrameworks/Bom.framework/Versions/A/Bom
0x00007fff654a9000 	/usr/lib/libAudioToolboxUtility.dylib
0x00007fff4600e000 	/System/Library/PrivateFrameworks/Backup.framework/Versions/A/Backup
0x00007fff4ab19000 	/System/Library/PrivateFrameworks/CrashReporterSupport.framework/Versions/A/CrashReporterSupport
0x00007fff5e78c000 	/System/Library/PrivateFrameworks/Sharing.framework/Versions/A/Sharing
0x00007fff446f3000 	/System/Library/PrivateFrameworks/Apple80211.framework/Versions/A/Apple80211
0x00007fff45d30000 	/System/Library/PrivateFrameworks/AuthKit.framework/Versions/A/AuthKit
0x00007fff4a849000 	/System/Library/PrivateFrameworks/CoreUtils.framework/Versions/A/CoreUtils
0x00007fff33723000 	/System/Library/Frameworks/CoreWLAN.framework/Versions/A/CoreWLAN
0x00007fff34349000 	/System/Library/Frameworks/IOBluetooth.framework/Versions/A/IOBluetooth
0x00007fff579bb000 	/System/Library/PrivateFrameworks/MobileKeyBag.framework/Versions/A/MobileKeyBag
0x00007fff49914000 	/System/Library/PrivateFrameworks/CorePhoneNumbers.framework/Versions/A/CorePhoneNumbers
0x00007fff4495b000 	/System/Library/PrivateFrameworks/AppleIDAuthSupport.framework/Versions/A/AppleIDAuthSupport
0x00007fff37de2000 	/System/Library/Frameworks/Network.framework/Versions/A/Network
0x00007fff5607b000 	/System/Library/PrivateFrameworks/KeychainCircle.framework/Versions/A/KeychainCircle
0x00007fff31197000 	/System/Library/Frameworks/CoreBluetooth.framework/Versions/A/CoreBluetooth
0x00007fff60408000 	/System/Library/PrivateFrameworks/SpeechRecognitionCore.framework/Versions/A/SpeechRecognitionCore
0x000000010cc00000 	/Library/Java/JavaVirtualMachines/adoptopenjdk-8.jdk/Contents/Home/jre/lib/server/libjvm.dylib
0x00007fff67d5a000 	/usr/lib/libstdc++.6.dylib
0x000000010abcb000 	/Library/Java/JavaVirtualMachines/adoptopenjdk-8.jdk/Contents/Home/jre/lib/libverify.dylib
0x000000010d71a000 	/Library/Java/JavaVirtualMachines/adoptopenjdk-8.jdk/Contents/Home/jre/lib/libjava.dylib
0x000000010abe4000 	/Library/Java/JavaVirtualMachines/adoptopenjdk-8.jdk/Contents/Home/jre/lib/libzip.dylib
0x0000000124731000 	/Library/Java/JavaVirtualMachines/adoptopenjdk-8.jdk/Contents/Home/jre/lib/libnet.dylib
0x000000012474a000 	/Library/Java/JavaVirtualMachines/adoptopenjdk-8.jdk/Contents/Home/jre/lib/libnio.dylib
0x000000012475c000 	/Users/skaundinya/.gradle/native/30/osx-amd64/libnative-platform.dylib
0x0000000124e22000 	/Library/Java/JavaVirtualMachines/adoptopenjdk-8.jdk/Contents/Home/jre/lib/libmanagement.dylib

VM Arguments:
jvm_args: -Djava.security.manager=worker.org.gradle.process.internal.worker.child.BootstrapSecurityManager -Xmx2g -Dfile.encoding=UTF-8 -Duser.country=US -Duser.language=en -Duser.variant 
java_command: worker.org.gradle.process.internal.worker.GradleWorkerMain 'Gradle SpotBugs Worker 6'
java_class_path (initial): /Users/skaundinya/.gradle/caches/5.6.2/workerMain/gradle-worker.jar
Launcher Type: SUN_STANDARD

Environment Variables:
JAVA_HOME=/Library/Java/JavaVirtualMachines/adoptopenjdk-8.jdk/Contents/Home
PATH=/Users/skaundinya/go/1.12.5/bin:/Users/skaundinya/.goenv/versions/1.12.5/bin:/Users/skaundinya/.goenv/shims:/Users/skaundinya/.goenv/bin:/usr/local/bin:/usr/bin:/bin:/usr/sbin:/sbin:/usr/local/opt/fzf/bin
SHELL=/bin/zsh

Signal Handlers:
SIGSEGV: [libjvm.dylib+0x58618b], sa_mask[0]=11111111011111110111111111111111, sa_flags=SA_ONSTACK|SA_RESTART|SA_SIGINFO
SIGBUS: [libjvm.dylib+0x58618b], sa_mask[0]=11111111011111110111111111111111, sa_flags=SA_RESTART|SA_SIGINFO
SIGFPE: [libjvm.dylib+0x4614ec], sa_mask[0]=11111111011111110111111111111111, sa_flags=SA_RESTART|SA_SIGINFO
SIGPIPE: [libjvm.dylib+0x4614ec], sa_mask[0]=11111111011111110111111111111111, sa_flags=SA_RESTART|SA_SIGINFO
SIGXFSZ: [libjvm.dylib+0x4614ec], sa_mask[0]=11111111011111110111111111111111, sa_flags=SA_RESTART|SA_SIGINFO
SIGILL: [libjvm.dylib+0x4614ec], sa_mask[0]=11111111011111110111111111111111, sa_flags=SA_RESTART|SA_SIGINFO
SIGUSR1: SIG_DFL, sa_mask[0]=00000000000000000000000000000000, sa_flags=SA_RESTART
SIGUSR2: [libjvm.dylib+0x46100a], sa_mask[0]=00100000000000000000000000000000, sa_flags=SA_RESTART|SA_SIGINFO
SIGHUP: [libjvm.dylib+0x45f595], sa_mask[0]=11111111011111110111111111111111, sa_flags=SA_RESTART|SA_SIGINFO
SIGINT: [libjvm.dylib+0x45f595], sa_mask[0]=11111111011111110111111111111111, sa_flags=SA_RESTART|SA_SIGINFO
SIGTERM: [libjvm.dylib+0x45f595], sa_mask[0]=11111111011111110111111111111111, sa_flags=SA_RESTART|SA_SIGINFO
SIGQUIT: [libjvm.dylib+0x45f595], sa_mask[0]=11111111011111110111111111111111, sa_flags=SA_RESTART|SA_SIGINFO


---------------  S Y S T E M  ---------------

OS:Bsduname:Darwin 19.3.0 Darwin Kernel Version 19.3.0: Thu Jan  9 20:58:23 PST 2020; root:xnu-6153.81.5~1/RELEASE_X86_64 x86_64
rlimit: STACK 8192k, CORE 0k, NPROC 5568, NOFILE 10240, AS infinity
load average:24.12 12.86 7.47

CPU:total 16 (initial active 16) (8 cores per cpu, 2 threads per core) family 6 model 158 stepping 13, cmov, cx8, fxsr, mmx, sse, sse2, sse3, ssse3, sse4.1, sse4.2, popcnt, avx, avx2, aes, clmul, erms, rtm, 3dnowpref, lzcnt, ht, tsc, tscinvbit, bmi1, bmi2, adx

Memory: 4k page, physical 33554432k(1517188k free)

/proc/meminfo:


vm_info: OpenJDK 64-Bit Server VM (25.222-b10) for bsd-amd64 JRE (1.8.0_222-b10), built on Jul 17 2019 01:08:37 by "jenkins" with gcc 4.2.1 (Based on Apple Inc. build 5658) (LLVM build 2336.11.00)

time: Thu Mar 12 12:24:06 2020
timezone: PDT
elapsed time: 4 seconds (0d 0h 0m 4s)

